<?xml version="1.0" encoding="UTF-8"?>
<testsuite name="businessLayer.MyBankTest" tests="5" skipped="0" failures="0" errors="0" timestamp="2020-03-30T20:14:05" hostname="jonas" time="0.436">
  <properties/>
  <testcase name="getCustomer" classname="businessLayer.MyBankTest" time="0.433"/>
  <testcase name="testGetAccount" classname="businessLayer.MyBankTest" time="0.001"/>
  <testcase name="getNameTest" classname="businessLayer.MyBankTest" time="0.001"/>
  <testcase name="registerAccountTest" classname="businessLayer.MyBankTest" time="0.001"/>
  <testcase name="registerCustomerTest" classname="businessLayer.MyBankTest" time="0.0"/>
  <system-out><![CDATA[]]></system-out>
  <system-err><![CDATA[]]></system-err>
</testsuite>
