<?xml version="1.0" encoding="UTF-8"?>
<testsuite name="businessLayer.TransactionTest" tests="1" skipped="0" failures="0" errors="0" timestamp="2020-03-30T20:14:05" hostname="jonas" time="0.023">
  <properties/>
  <testcase name="createMovement" classname="businessLayer.TransactionTest" time="0.023"/>
  <system-out><![CDATA[]]></system-out>
  <system-err><![CDATA[]]></system-err>
</testsuite>
